<?xml version="1.0" encoding="UTF-8"?>
<!-- Generated by org.testng.reporters.JUnitXMLReporter -->
<testsuite ignored="0" hostname="LAPTOP-J4LEQ9VA" failures="0" tests="3" name="Submit  order" time="15.037" errors="0" timestamp="2025-09-03T11:55:19 IST">
  <testcase classname="SeleniumFramework.Tests.StandAloneTest2" name="submitOrder" time="4.258"/>
  <testcase classname="SeleniumFramework.Tests.StandAloneTest2" name="submitOrder" time="4.546"/>
  <testcase classname="SeleniumFramework.Tests.StandAloneTest2" name="checkHistoryOrder" time="0.599"/>
</testsuite> <!-- Submit  order -->
